<?xml version="1.0" encoding="UTF-8"?>
<!-- Generated by org.testng.reporters.JUnitXMLReporter -->
<testsuite hostname="LAPTOP-0C7U3DC8" ignored="0" name="Test" tests="4" failures="1" timestamp="2024-04-10T10:45:28 CDT" time="9.758" errors="0">
  <testcase name="runScenario" time="0.153" classname="io.cucumber.testng.AbstractTestNGCucumberTests"/>
  <testcase name="runScenario" time="2.621" classname="io.cucumber.testng.AbstractTestNGCucumberTests">
    <failure type="java.lang.AssertionError" message="expected [Welcome to Demo_blaze] but found [STORE]">
      <![CDATA[java.lang.AssertionError: expected [Welcome to Demo_blaze] but found [STORE]
at pageObjects.HomePage.validateMessage(HomePage.java:35)
at stepDefinations.HomePageDefination.Validate_that_the_site_displays_Welcome_Greeting_to_the_user(HomePageDefination.java:36)
at âœ½.Validate that the DemoBlaze displays Welcome Greeting to the user(file:///C:/Users/Devas/eclipse-2018-workspace/DemoBlaze/src/test/java/features/HomePage.feature:10)
... Removed 5 stack frames]]>
    </failure>
  </testcase> <!-- runScenario -->
  <testcase name="runScenario" time="2.094" classname="io.cucumber.testng.AbstractTestNGCucumberTests"/>
  <testcase name="runScenario" time="3.343" classname="io.cucumber.testng.AbstractTestNGCucumberTests"/>
</testsuite> <!-- Test -->
